<?xml version="1.0" encoding="utf-8"?>
<test-run id="2" name="Incapsulation.Failures.exe" fullname="C:/Users/vadim/OneDrive/Рабочий стол/подготовка к пересдачам/юлёрн ипаный/инкапсуляция/Сбои/bin/Debug/Incapsulation.Failures.exe" testcasecount="3" result="Passed" start-time="2023-10-04 08:57:12Z" end-time="2023-10-04 08:57:12Z" duration="0.040421" total="3" passed="3" failed="0" inconclusive="0" skipped="0" asserts="3" random-seed="557074475">
  <command-line><![CDATA["C:\Users\vadim\OneDrive\Рабочий стол\подготовка к пересдачам\юлёрн ипаный\инкапсуляция\Сбои\bin\Debug\Incapsulation.Failures.exe"   ]]></command-line>
  <filter />
  <test-suite type="Assembly" id="1004" name="Incapsulation.Failures.exe" fullname="C:/Users/vadim/OneDrive/Рабочий стол/подготовка к пересдачам/юлёрн ипаный/инкапсуляция/Сбои/bin/Debug/Incapsulation.Failures.exe" runstate="Runnable" testcasecount="3" result="Passed" start-time="2023-10-04 08:57:12Z" end-time="2023-10-04 08:57:12Z" duration="0.040421" total="3" passed="3" failed="0" warnings="0" inconclusive="0" skipped="0" asserts="3">
    <environment framework-version="3.6.0.0" clr-version="4.0.30319.42000" os-version="Microsoft Windows NT 6.2.9200.0" platform="Win32NT" cwd="C:\Users\vadim\OneDrive\Рабочий стол\подготовка к пересдачам\юлёрн ипаный\инкапсуляция\Сбои\bin\Debug" machine-name="DESKTOP-RBCI3Q1" user="vadim" user-domain="DESKTOP-RBCI3Q1" culture="ru-RU" uiculture="ru-RU" os-architecture="x86" />
    <settings>
      <setting name="WorkDirectory" value="C:\Users\vadim\OneDrive\Рабочий стол\подготовка к пересдачам\юлёрн ипаный\инкапсуляция\Сбои\bin\Debug" />
      <setting name="NumberOfTestWorkers" value="12" />
    </settings>
    <properties>
      <property name="_PID" value="26928" />
      <property name="_APPDOMAIN" value="Incapsulation.Failures.exe" />
    </properties>
    <test-suite type="TestSuite" id="1005" name="Incapsulation" fullname="Incapsulation" runstate="Runnable" testcasecount="3" result="Passed" start-time="2023-10-04 08:57:12Z" end-time="2023-10-04 08:57:12Z" duration="0.032022" total="3" passed="3" failed="0" warnings="0" inconclusive="0" skipped="0" asserts="3">
      <test-suite type="TestSuite" id="1006" name="Failures" fullname="Incapsulation.Failures" runstate="Runnable" testcasecount="3" result="Passed" start-time="2023-10-04 08:57:12Z" end-time="2023-10-04 08:57:12Z" duration="0.029088" total="3" passed="3" failed="0" warnings="0" inconclusive="0" skipped="0" asserts="3">
        <test-suite type="TestFixture" id="1000" name="ReportMaker_Tests" fullname="Incapsulation.Failures.ReportMaker_Tests" classname="Incapsulation.Failures.ReportMaker_Tests" runstate="Runnable" testcasecount="3" result="Passed" start-time="2023-10-04 08:57:12Z" end-time="2023-10-04 08:57:12Z" duration="0.024523" total="3" passed="3" failed="0" warnings="0" inconclusive="0" skipped="0" asserts="3">
          <test-case id="1003" name="FilterManyDevices" fullname="Incapsulation.Failures.ReportMaker_Tests.FilterManyDevices" methodname="FilterManyDevices" classname="Incapsulation.Failures.ReportMaker_Tests" runstate="Runnable" seed="851363698" result="Passed" start-time="2023-10-04 08:57:12Z" end-time="2023-10-04 08:57:12Z" duration="0.010435" asserts="1" />
          <test-case id="1002" name="FilterSingleDevice" fullname="Incapsulation.Failures.ReportMaker_Tests.FilterSingleDevice" methodname="FilterSingleDevice" classname="Incapsulation.Failures.ReportMaker_Tests" runstate="Runnable" seed="1936544900" result="Passed" start-time="2023-10-04 08:57:12Z" end-time="2023-10-04 08:57:12Z" duration="0.000425" asserts="1" />
          <test-case id="1001" name="NoDevices" fullname="Incapsulation.Failures.ReportMaker_Tests.NoDevices" methodname="NoDevices" classname="Incapsulation.Failures.ReportMaker_Tests" runstate="Runnable" seed="191551591" result="Passed" start-time="2023-10-04 08:57:12Z" end-time="2023-10-04 08:57:12Z" duration="0.001551" asserts="1" />
        </test-suite>
      </test-suite>
    </test-suite>
  </test-suite>
</test-run>