<?xml version="1.0" encoding="utf-8"?>
<test-run id="2" name="Inheritance.DataStructure.exe" fullname="C:/Users/vadim/OneDrive/Рабочий стол/подготовка к пересдачам/юлёрн ипаный/Наследование и полиморфизм/Структура данных/bin/Debug/Inheritance.DataStructure.exe" testcasecount="6" result="Passed" start-time="2023-10-04 08:42:42Z" end-time="2023-10-04 08:42:42Z" duration="0.073564" total="6" passed="6" failed="0" inconclusive="0" skipped="0" asserts="145" random-seed="1734148006">
  <command-line><![CDATA["C:\Users\vadim\OneDrive\Рабочий стол\подготовка к пересдачам\юлёрн ипаный\Наследование и полиморфизм\Структура данных\bin\Debug\Inheritance.DataStructure.exe"   ]]></command-line>
  <filter />
  <test-suite type="Assembly" id="1007" name="Inheritance.DataStructure.exe" fullname="C:/Users/vadim/OneDrive/Рабочий стол/подготовка к пересдачам/юлёрн ипаный/Наследование и полиморфизм/Структура данных/bin/Debug/Inheritance.DataStructure.exe" runstate="Runnable" testcasecount="6" result="Passed" start-time="2023-10-04 08:42:42Z" end-time="2023-10-04 08:42:42Z" duration="0.073564" total="6" passed="6" failed="0" warnings="0" inconclusive="0" skipped="0" asserts="145">
    <environment framework-version="3.6.0.0" clr-version="4.0.30319.42000" os-version="Microsoft Windows NT 6.2.9200.0" platform="Win32NT" cwd="C:\Users\vadim\OneDrive\Рабочий стол\подготовка к пересдачам\юлёрн ипаный\Наследование и полиморфизм\Структура данных\bin\Debug" machine-name="DESKTOP-RBCI3Q1" user="vadim" user-domain="DESKTOP-RBCI3Q1" culture="ru-RU" uiculture="ru-RU" os-architecture="x86" />
    <settings>
      <setting name="WorkDirectory" value="C:\Users\vadim\OneDrive\Рабочий стол\подготовка к пересдачам\юлёрн ипаный\Наследование и полиморфизм\Структура данных\bin\Debug" />
      <setting name="NumberOfTestWorkers" value="12" />
    </settings>
    <properties>
      <property name="_PID" value="25064" />
      <property name="_APPDOMAIN" value="Inheritance.DataStructure.exe" />
    </properties>
    <test-suite type="TestSuite" id="1008" name="Inheritance" fullname="Inheritance" runstate="Runnable" testcasecount="6" result="Passed" start-time="2023-10-04 08:42:42Z" end-time="2023-10-04 08:42:42Z" duration="0.062646" total="6" passed="6" failed="0" warnings="0" inconclusive="0" skipped="0" asserts="145">
      <test-suite type="TestSuite" id="1009" name="DataStructure" fullname="Inheritance.DataStructure" runstate="Runnable" testcasecount="6" result="Passed" start-time="2023-10-04 08:42:42Z" end-time="2023-10-04 08:42:42Z" duration="0.059764" total="6" passed="6" failed="0" warnings="0" inconclusive="0" skipped="0" asserts="145">
        <test-suite type="TestFixture" id="1000" name="Category_should" fullname="Inheritance.DataStructure.Category_should" classname="Inheritance.DataStructure.Category_should" runstate="Runnable" testcasecount="6" result="Passed" start-time="2023-10-04 08:42:42Z" end-time="2023-10-04 08:42:42Z" duration="0.055536" total="6" passed="6" failed="0" warnings="0" inconclusive="0" skipped="0" asserts="145">
          <test-case id="1003" name="ImplementCompareToCorrectly" fullname="Inheritance.DataStructure.Category_should.ImplementCompareToCorrectly" methodname="ImplementCompareToCorrectly" classname="Inheritance.DataStructure.Category_should" runstate="Runnable" seed="325847390" result="Passed" start-time="2023-10-04 08:42:42Z" end-time="2023-10-04 08:42:42Z" duration="0.020087" asserts="17" />
          <test-case id="1001" name="ImplementEqualsCorrectly" fullname="Inheritance.DataStructure.Category_should.ImplementEqualsCorrectly" methodname="ImplementEqualsCorrectly" classname="Inheritance.DataStructure.Category_should" runstate="Runnable" seed="2144649337" result="Passed" start-time="2023-10-04 08:42:42Z" end-time="2023-10-04 08:42:42Z" duration="0.003607" asserts="17" />
          <test-case id="1002" name="ImplementGetHashCodeCorrectly" fullname="Inheritance.DataStructure.Category_should.ImplementGetHashCodeCorrectly" methodname="ImplementGetHashCodeCorrectly" classname="Inheritance.DataStructure.Category_should" runstate="Runnable" seed="656276498" result="Passed" start-time="2023-10-04 08:42:42Z" end-time="2023-10-04 08:42:42Z" duration="0.004810" asserts="13" />
          <test-case id="1005" name="ImplementIComparableInterface" fullname="Inheritance.DataStructure.Category_should.ImplementIComparableInterface" methodname="ImplementIComparableInterface" classname="Inheritance.DataStructure.Category_should" runstate="Runnable" seed="859985451" result="Passed" start-time="2023-10-04 08:42:42Z" end-time="2023-10-04 08:42:42Z" duration="0.000207" asserts="1" />
          <test-case id="1004" name="ImplementOperatorsCorrectly" fullname="Inheritance.DataStructure.Category_should.ImplementOperatorsCorrectly" methodname="ImplementOperatorsCorrectly" classname="Inheritance.DataStructure.Category_should" runstate="Runnable" seed="343218645" result="Passed" start-time="2023-10-04 08:42:42Z" end-time="2023-10-04 08:42:42Z" duration="0.001905" asserts="96" />
          <test-case id="1006" name="ImplementToStringCorrectly" fullname="Inheritance.DataStructure.Category_should.ImplementToStringCorrectly" methodname="ImplementToStringCorrectly" classname="Inheritance.DataStructure.Category_should" runstate="Runnable" seed="577823082" result="Passed" start-time="2023-10-04 08:42:42Z" end-time="2023-10-04 08:42:42Z" duration="0.000535" asserts="1" />
        </test-suite>
      </test-suite>
    </test-suite>
  </test-suite>
</test-run>