<?xml version="1.0" encoding="utf-8"?>
<test-run id="2" name="Delegates.Observers.exe" fullname="C:/Users/vadim/OneDrive/Рабочий стол/подготовка к пересдачам/юлёрн ипаный/Делегаты/bin/Debug/Delegates.Observers.exe" testcasecount="2" result="Passed" start-time="2023-10-02 17:23:37Z" end-time="2023-10-02 17:23:37Z" duration="0.036405" total="2" passed="2" failed="0" inconclusive="0" skipped="0" asserts="2" random-seed="1737002793">
  <command-line><![CDATA["C:\Users\vadim\OneDrive\Рабочий стол\подготовка к пересдачам\юлёрн ипаный\Делегаты\bin\Debug\Delegates.Observers.exe"   ]]></command-line>
  <filter />
  <test-suite type="Assembly" id="1003" name="Delegates.Observers.exe" fullname="C:/Users/vadim/OneDrive/Рабочий стол/подготовка к пересдачам/юлёрн ипаный/Делегаты/bin/Debug/Delegates.Observers.exe" runstate="Runnable" testcasecount="2" result="Passed" start-time="2023-10-02 17:23:37Z" end-time="2023-10-02 17:23:37Z" duration="0.036405" total="2" passed="2" failed="0" warnings="0" inconclusive="0" skipped="0" asserts="2">
    <environment framework-version="3.6.0.0" clr-version="4.0.30319.42000" os-version="Microsoft Windows NT 6.2.9200.0" platform="Win32NT" cwd="C:\Users\vadim\OneDrive\Рабочий стол\подготовка к пересдачам\юлёрн ипаный\Делегаты\bin\Debug" machine-name="DESKTOP-RBCI3Q1" user="vadim" user-domain="DESKTOP-RBCI3Q1" culture="ru-RU" uiculture="ru-RU" os-architecture="x86" />
    <settings>
      <setting name="WorkDirectory" value="C:\Users\vadim\OneDrive\Рабочий стол\подготовка к пересдачам\юлёрн ипаный\Делегаты\bin\Debug" />
      <setting name="NumberOfTestWorkers" value="12" />
    </settings>
    <properties>
      <property name="_PID" value="20228" />
      <property name="_APPDOMAIN" value="Delegates.Observers.exe" />
    </properties>
    <test-suite type="TestSuite" id="1004" name="Delegates" fullname="Delegates" runstate="Runnable" testcasecount="2" result="Passed" start-time="2023-10-02 17:23:37Z" end-time="2023-10-02 17:23:37Z" duration="0.028027" total="2" passed="2" failed="0" warnings="0" inconclusive="0" skipped="0" asserts="2">
      <test-suite type="TestSuite" id="1005" name="Observers" fullname="Delegates.Observers" runstate="Runnable" testcasecount="2" result="Passed" start-time="2023-10-02 17:23:37Z" end-time="2023-10-02 17:23:37Z" duration="0.025383" total="2" passed="2" failed="0" warnings="0" inconclusive="0" skipped="0" asserts="2">
        <test-suite type="TestFixture" id="1000" name="ObservableStack_Tests" fullname="Delegates.Observers.ObservableStack_Tests" classname="Delegates.Observers.ObservableStack_Tests" runstate="Runnable" testcasecount="2" result="Passed" start-time="2023-10-02 17:23:37Z" end-time="2023-10-02 17:23:37Z" duration="0.021816" total="2" passed="2" failed="0" warnings="0" inconclusive="0" skipped="0" asserts="2">
          <test-case id="1001" name="Log_ShouldBeEmpty_AfterCreation" fullname="Delegates.Observers.ObservableStack_Tests.Log_ShouldBeEmpty_AfterCreation" methodname="Log_ShouldBeEmpty_AfterCreation" classname="Delegates.Observers.ObservableStack_Tests" runstate="Runnable" seed="1200876398" result="Passed" start-time="2023-10-02 17:23:37Z" end-time="2023-10-02 17:23:37Z" duration="0.010378" asserts="1" />
          <test-case id="1002" name="Log_ShouldContainAllOperations" fullname="Delegates.Observers.ObservableStack_Tests.Log_ShouldContainAllOperations" methodname="Log_ShouldContainAllOperations" classname="Delegates.Observers.ObservableStack_Tests" runstate="Runnable" seed="768733681" result="Passed" start-time="2023-10-02 17:23:37Z" end-time="2023-10-02 17:23:37Z" duration="0.001077" asserts="1" />
        </test-suite>
      </test-suite>
    </test-suite>
  </test-suite>
</test-run>