<?xml version="1.0" encoding="utf-8"?>
<test-run id="2" name="Reflection.Randomness.exe" fullname="C:/Users/vadim/OneDrive/Рабочий стол/подготовка к пересдачам/юлёрн ипаный/Рефлексия/Случайные объекты/bin/Debug/Reflection.Randomness.exe" testcasecount="6" result="Passed" start-time="2023-10-04 08:33:36Z" end-time="2023-10-04 08:33:36Z" duration="0.313519" total="6" passed="6" failed="0" inconclusive="0" skipped="0" asserts="11" random-seed="494941879">
  <command-line><![CDATA["C:\Users\vadim\OneDrive\Рабочий стол\подготовка к пересдачам\юлёрн ипаный\Рефлексия\Случайные объекты\bin\Debug\Reflection.Randomness.exe"   ]]></command-line>
  <filter />
  <test-suite type="Assembly" id="1007" name="Reflection.Randomness.exe" fullname="C:/Users/vadim/OneDrive/Рабочий стол/подготовка к пересдачам/юлёрн ипаный/Рефлексия/Случайные объекты/bin/Debug/Reflection.Randomness.exe" runstate="Runnable" testcasecount="6" result="Passed" start-time="2023-10-04 08:33:36Z" end-time="2023-10-04 08:33:36Z" duration="0.313519" total="6" passed="6" failed="0" warnings="0" inconclusive="0" skipped="0" asserts="11">
    <environment framework-version="3.6.0.0" clr-version="4.0.30319.42000" os-version="Microsoft Windows NT 6.2.9200.0" platform="Win32NT" cwd="C:\Users\vadim\OneDrive\Рабочий стол\подготовка к пересдачам\юлёрн ипаный\Рефлексия\Случайные объекты\bin\Debug" machine-name="DESKTOP-RBCI3Q1" user="vadim" user-domain="DESKTOP-RBCI3Q1" culture="ru-RU" uiculture="ru-RU" os-architecture="x86" />
    <settings>
      <setting name="WorkDirectory" value="C:\Users\vadim\OneDrive\Рабочий стол\подготовка к пересдачам\юлёрн ипаный\Рефлексия\Случайные объекты\bin\Debug" />
      <setting name="NumberOfTestWorkers" value="12" />
    </settings>
    <properties>
      <property name="_PID" value="19236" />
      <property name="_APPDOMAIN" value="Reflection.Randomness.exe" />
    </properties>
    <test-suite type="TestSuite" id="1008" name="Reflection" fullname="Reflection" runstate="Runnable" testcasecount="6" result="Passed" start-time="2023-10-04 08:33:36Z" end-time="2023-10-04 08:33:36Z" duration="0.302156" total="6" passed="6" failed="0" warnings="0" inconclusive="0" skipped="0" asserts="11">
      <test-suite type="TestSuite" id="1009" name="Randomness" fullname="Reflection.Randomness" runstate="Runnable" testcasecount="6" result="Passed" start-time="2023-10-04 08:33:36Z" end-time="2023-10-04 08:33:36Z" duration="0.299334" total="6" passed="6" failed="0" warnings="0" inconclusive="0" skipped="0" asserts="11">
        <test-suite type="TestFixture" id="1000" name="Generator_should" fullname="Reflection.Randomness.Generator_should" classname="Reflection.Randomness.Generator_should" runstate="Runnable" testcasecount="6" result="Passed" start-time="2023-10-04 08:33:36Z" end-time="2023-10-04 08:33:36Z" duration="0.294521" total="6" passed="6" failed="0" warnings="0" inconclusive="0" skipped="0" asserts="11">
          <test-case id="1006" name="FailWithInformativeMessage_WhenAttributeUsedWithWrongDistributionType" fullname="Reflection.Randomness.Generator_should.FailWithInformativeMessage_WhenAttributeUsedWithWrongDistributionType" methodname="FailWithInformativeMessage_WhenAttributeUsedWithWrongDistributionType" classname="Reflection.Randomness.Generator_should" runstate="Runnable" seed="164356888" result="Passed" start-time="2023-10-04 08:33:36Z" end-time="2023-10-04 08:33:36Z" duration="0.008781" asserts="1" />
          <test-case id="1005" name="FailWithInformativeMessage_WhenAttributeUsedWithWrongNumberOfArguments" fullname="Reflection.Randomness.Generator_should.FailWithInformativeMessage_WhenAttributeUsedWithWrongNumberOfArguments" methodname="FailWithInformativeMessage_WhenAttributeUsedWithWrongNumberOfArguments" classname="Reflection.Randomness.Generator_should" runstate="Runnable" seed="4899443" result="Passed" start-time="2023-10-04 08:33:36Z" end-time="2023-10-04 08:33:36Z" duration="0.000483" asserts="1" />
          <test-case id="1001" name="GenerateT1" fullname="Reflection.Randomness.Generator_should.GenerateT1" methodname="GenerateT1" classname="Reflection.Randomness.Generator_should" runstate="Runnable" seed="388100086" result="Passed" start-time="2023-10-04 08:33:36Z" end-time="2023-10-04 08:33:36Z" duration="0.010721" asserts="1" />
          <test-case id="1003" name="GenerateT2" fullname="Reflection.Randomness.Generator_should.GenerateT2" methodname="GenerateT2" classname="Reflection.Randomness.Generator_should" runstate="Runnable" seed="332739851" result="Passed" start-time="2023-10-04 08:33:36Z" end-time="2023-10-04 08:33:36Z" duration="0.004375" asserts="5" />
          <test-case id="1002" name="GiveUniqueResults_OnEveryGenerateRun" fullname="Reflection.Randomness.Generator_should.GiveUniqueResults_OnEveryGenerateRun" methodname="GiveUniqueResults_OnEveryGenerateRun" classname="Reflection.Randomness.Generator_should" runstate="Runnable" seed="1060744033" result="Passed" start-time="2023-10-04 08:33:36Z" end-time="2023-10-04 08:33:36Z" duration="0.005557" asserts="2" />
          <test-case id="1004" name="PerformanceTest" fullname="Reflection.Randomness.Generator_should.PerformanceTest" methodname="PerformanceTest" classname="Reflection.Randomness.Generator_should" runstate="Runnable" seed="483280142" result="Passed" start-time="2023-10-04 08:33:36Z" end-time="2023-10-04 08:33:36Z" duration="0.238696" asserts="1" />
        </test-suite>
      </test-suite>
    </test-suite>
  </test-suite>
</test-run>