<?xml version="1.0" encoding="utf-8"?>
<test-run id="2" name="Inheritance.MapObjects.exe" fullname="C:/Users/vadim/OneDrive/Рабочий стол/подготовка к пересдачам/юлёрн ипаный/Наследование и полиморфизм/Homm/bin/Debug/Inheritance.MapObjects.exe" testcasecount="6" result="Passed" start-time="2023-10-03 09:09:14Z" end-time="2023-10-03 09:09:14Z" duration="0.047490" total="6" passed="6" failed="0" inconclusive="0" skipped="0" asserts="15" random-seed="963919475">
  <command-line><![CDATA["C:\Users\vadim\OneDrive\Рабочий стол\подготовка к пересдачам\юлёрн ипаный\Наследование и полиморфизм\Homm\bin\Debug\Inheritance.MapObjects.exe"   ]]></command-line>
  <filter />
  <test-suite type="Assembly" id="1007" name="Inheritance.MapObjects.exe" fullname="C:/Users/vadim/OneDrive/Рабочий стол/подготовка к пересдачам/юлёрн ипаный/Наследование и полиморфизм/Homm/bin/Debug/Inheritance.MapObjects.exe" runstate="Runnable" testcasecount="6" result="Passed" start-time="2023-10-03 09:09:14Z" end-time="2023-10-03 09:09:14Z" duration="0.047490" total="6" passed="6" failed="0" warnings="0" inconclusive="0" skipped="0" asserts="15">
    <environment framework-version="3.6.0.0" clr-version="4.0.30319.42000" os-version="Microsoft Windows NT 6.2.9200.0" platform="Win32NT" cwd="C:\Users\vadim\OneDrive\Рабочий стол\подготовка к пересдачам\юлёрн ипаный\Наследование и полиморфизм\Homm\bin\Debug" machine-name="DESKTOP-RBCI3Q1" user="vadim" user-domain="DESKTOP-RBCI3Q1" culture="ru-RU" uiculture="ru-RU" os-architecture="x86" />
    <settings>
      <setting name="WorkDirectory" value="C:\Users\vadim\OneDrive\Рабочий стол\подготовка к пересдачам\юлёрн ипаный\Наследование и полиморфизм\Homm\bin\Debug" />
      <setting name="NumberOfTestWorkers" value="12" />
    </settings>
    <properties>
      <property name="_PID" value="21252" />
      <property name="_APPDOMAIN" value="Inheritance.MapObjects.exe" />
    </properties>
    <test-suite type="TestSuite" id="1008" name="Inheritance" fullname="Inheritance" runstate="Runnable" testcasecount="6" result="Passed" start-time="2023-10-03 09:09:14Z" end-time="2023-10-03 09:09:14Z" duration="0.039520" total="6" passed="6" failed="0" warnings="0" inconclusive="0" skipped="0" asserts="15">
      <test-suite type="TestSuite" id="1009" name="MapObjects" fullname="Inheritance.MapObjects" runstate="Runnable" testcasecount="6" result="Passed" start-time="2023-10-03 09:09:14Z" end-time="2023-10-03 09:09:14Z" duration="0.036977" total="6" passed="6" failed="0" warnings="0" inconclusive="0" skipped="0" asserts="15">
        <test-suite type="TestFixture" id="1000" name="Player_should" fullname="Inheritance.MapObjects.Player_should" classname="Inheritance.MapObjects.Player_should" runstate="Runnable" testcasecount="6" result="Passed" start-time="2023-10-03 09:09:14Z" end-time="2023-10-03 09:09:14Z" duration="0.032067" total="6" passed="6" failed="0" warnings="0" inconclusive="0" skipped="0" asserts="15">
          <test-case id="1002" name="BeatWeakCreepsAndCollectTreasure" fullname="Inheritance.MapObjects.Player_should.BeatWeakCreepsAndCollectTreasure" methodname="BeatWeakCreepsAndCollectTreasure" classname="Inheritance.MapObjects.Player_should" runstate="Runnable" seed="108630262" result="Passed" start-time="2023-10-03 09:09:14Z" end-time="2023-10-03 09:09:14Z" duration="0.009492" asserts="2" />
          <test-case id="1005" name="BeatWeakGuardAndOwnDwelling" fullname="Inheritance.MapObjects.Player_should.BeatWeakGuardAndOwnDwelling" methodname="BeatWeakGuardAndOwnDwelling" classname="Inheritance.MapObjects.Player_should" runstate="Runnable" seed="424807315" result="Passed" start-time="2023-10-03 09:09:14Z" end-time="2023-10-03 09:09:14Z" duration="0.000365" asserts="3" />
          <test-case id="1003" name="LoseToPowerfulCreeps" fullname="Inheritance.MapObjects.Player_should.LoseToPowerfulCreeps" methodname="LoseToPowerfulCreeps" classname="Inheritance.MapObjects.Player_should" runstate="Runnable" seed="121457270" result="Passed" start-time="2023-10-03 09:09:14Z" end-time="2023-10-03 09:09:14Z" duration="0.000222" asserts="2" />
          <test-case id="1006" name="LoseToPowerfulGuard" fullname="Inheritance.MapObjects.Player_should.LoseToPowerfulGuard" methodname="LoseToPowerfulGuard" classname="Inheritance.MapObjects.Player_should" runstate="Runnable" seed="628825077" result="Passed" start-time="2023-10-03 09:09:14Z" end-time="2023-10-03 09:09:14Z" duration="0.000359" asserts="3" />
          <test-case id="1004" name="OwnDwelling" fullname="Inheritance.MapObjects.Player_should.OwnDwelling" methodname="OwnDwelling" classname="Inheritance.MapObjects.Player_should" runstate="Runnable" seed="624268010" result="Passed" start-time="2023-10-03 09:09:14Z" end-time="2023-10-03 09:09:14Z" duration="0.000763" asserts="3" />
          <test-case id="1001" name="TakeResources" fullname="Inheritance.MapObjects.Player_should.TakeResources" methodname="TakeResources" classname="Inheritance.MapObjects.Player_should" runstate="Runnable" seed="408425074" result="Passed" start-time="2023-10-03 09:09:14Z" end-time="2023-10-03 09:09:14Z" duration="0.000575" asserts="2" />
        </test-suite>
      </test-suite>
    </test-suite>
  </test-suite>
</test-run>